  Animation.cpp
C:\Users\Luka\Desktop\Igrca v3 – kopija – kopija – kopija – kopija – kopija – kopija – kopija – kopija\Igrca\GameObject.h(11,7): warning C4244: '=': conversion from 'int' to 'float', possible loss of data
  (compiling source file 'Animation.cpp')
  
C:\Users\Luka\Desktop\Igrca v3 – kopija – kopija – kopija – kopija – kopija – kopija – kopija – kopija\Igrca\GameObject.h(12,7): warning C4244: '=': conversion from 'int' to 'float', possible loss of data
  (compiling source file 'Animation.cpp')
  
C:\Users\Luka\Desktop\Igrca v3 – kopija – kopija – kopija – kopija – kopija – kopija – kopija – kopija\Igrca\Animation.cpp(11,117): warning C4244: 'argument': conversion from 'int' to 'float', possible loss of data
C:\Users\Luka\Desktop\Igrca v3 – kopija – kopija – kopija – kopija – kopija – kopija – kopija – kopija\Igrca\Animation.cpp(11,60): warning C4244: 'argument': conversion from 'float' to 'int', possible loss of data
C:\Users\Luka\Desktop\Igrca v3 – kopija – kopija – kopija – kopija – kopija – kopija – kopija – kopija\Igrca\Animation.cpp(11,57): warning C4244: 'argument': conversion from 'float' to 'int', possible loss of data
  Arena.cpp
C:\Users\Luka\Desktop\Igrca v3 – kopija – kopija – kopija – kopija – kopija – kopija – kopija – kopija\Igrca\GameObject.h(11,7): warning C4244: '=': conversion from 'int' to 'float', possible loss of data
  (compiling source file 'Arena.cpp')
  
C:\Users\Luka\Desktop\Igrca v3 – kopija – kopija – kopija – kopija – kopija – kopija – kopija – kopija\Igrca\GameObject.h(12,7): warning C4244: '=': conversion from 'int' to 'float', possible loss of data
  (compiling source file 'Arena.cpp')
  
C:\Users\Luka\Desktop\Igrca v3 – kopija – kopija – kopija – kopija – kopija – kopija – kopija – kopija\Igrca\Arena.cpp(22,17): warning C4244: '=': conversion from 'int' to 'float', possible loss of data
C:\Users\Luka\Desktop\Igrca v3 – kopija – kopija – kopija – kopija – kopija – kopija – kopija – kopija\Igrca\Arena.cpp(23,17): warning C4244: '=': conversion from 'int' to 'float', possible loss of data
  Arrow.cpp
C:\Users\Luka\Desktop\Igrca v3 – kopija – kopija – kopija – kopija – kopija – kopija – kopija – kopija\Igrca\GameObject.h(11,7): warning C4244: '=': conversion from 'int' to 'float', possible loss of data
  (compiling source file 'Arrow.cpp')
  
C:\Users\Luka\Desktop\Igrca v3 – kopija – kopija – kopija – kopija – kopija – kopija – kopija – kopija\Igrca\GameObject.h(12,7): warning C4244: '=': conversion from 'int' to 'float', possible loss of data
  (compiling source file 'Arrow.cpp')
  
C:\Users\Luka\Desktop\Igrca v3 – kopija – kopija – kopija – kopija – kopija – kopija – kopija – kopija\Igrca\Arrow.cpp(27,104): warning C4244: 'argument': conversion from 'float' to 'int', possible loss of data
C:\Users\Luka\Desktop\Igrca v3 – kopija – kopija – kopija – kopija – kopija – kopija – kopija – kopija\Igrca\Arrow.cpp(27,75): warning C4244: 'argument': conversion from 'float' to 'int', possible loss of data
  Camera.cpp
C:\Users\Luka\Desktop\Igrca v3 – kopija – kopija – kopija – kopija – kopija – kopija – kopija – kopija\Igrca\Camera.cpp(5,43): warning C4244: '=': conversion from 'float' to 'int', possible loss of data
C:\Users\Luka\Desktop\Igrca v3 – kopija – kopija – kopija – kopija – kopija – kopija – kopija – kopija\Igrca\Camera.cpp(6,24): warning C4244: '=': conversion from 'float' to 'int', possible loss of data
C:\Users\Luka\Desktop\Igrca v3 – kopija – kopija – kopija – kopija – kopija – kopija – kopija – kopija\Igrca\Camera.cpp(26,40): warning C4244: 'argument': conversion from 'int' to 'float', possible loss of data
C:\Users\Luka\Desktop\Igrca v3 – kopija – kopija – kopija – kopija – kopija – kopija – kopija – kopija\Igrca\Camera.cpp(26,30): warning C4244: 'argument': conversion from 'int' to 'float', possible loss of data
  Collision.cpp
C:\Users\Luka\Desktop\Igrca v3 – kopija – kopija – kopija – kopija – kopija – kopija – kopija – kopija\Igrca\GameObject.h(11,7): warning C4244: '=': conversion from 'int' to 'float', possible loss of data
  (compiling source file 'Collision.cpp')
  
C:\Users\Luka\Desktop\Igrca v3 – kopija – kopija – kopija – kopija – kopija – kopija – kopija – kopija\Igrca\GameObject.h(12,7): warning C4244: '=': conversion from 'int' to 'float', possible loss of data
  (compiling source file 'Collision.cpp')
  
  Enemy.cpp
C:\Users\Luka\Desktop\Igrca v3 – kopija – kopija – kopija – kopija – kopija – kopija – kopija – kopija\Igrca\GameObject.h(11,7): warning C4244: '=': conversion from 'int' to 'float', possible loss of data
  (compiling source file 'Enemy.cpp')
  
C:\Users\Luka\Desktop\Igrca v3 – kopija – kopija – kopija – kopija – kopija – kopija – kopija – kopija\Igrca\GameObject.h(12,7): warning C4244: '=': conversion from 'int' to 'float', possible loss of data
  (compiling source file 'Enemy.cpp')
  
C:\Users\Luka\Desktop\Igrca v3 – kopija – kopija – kopija – kopija – kopija – kopija – kopija – kopija\Igrca\Enemy.cpp(37,27): warning C4244: '=': conversion from 'float' to 'int', possible loss of data
C:\Users\Luka\Desktop\Igrca v3 – kopija – kopija – kopija – kopija – kopija – kopija – kopija – kopija\Igrca\Enemy.cpp(38,27): warning C4244: '=': conversion from 'float' to 'int', possible loss of data
C:\Users\Luka\Desktop\Igrca v3 – kopija – kopija – kopija – kopija – kopija – kopija – kopija – kopija\Igrca\Enemy.cpp(46,24): warning C4244: '=': conversion from 'int' to 'float', possible loss of data
C:\Users\Luka\Desktop\Igrca v3 – kopija – kopija – kopija – kopija – kopija – kopija – kopija – kopija\Igrca\Enemy.cpp(47,24): warning C4244: '=': conversion from 'int' to 'float', possible loss of data
C:\Users\Luka\Desktop\Igrca v3 – kopija – kopija – kopija – kopija – kopija – kopija – kopija – kopija\Igrca\Enemy.cpp(52,27): warning C4244: '=': conversion from 'float' to 'int', possible loss of data
C:\Users\Luka\Desktop\Igrca v3 – kopija – kopija – kopija – kopija – kopija – kopija – kopija – kopija\Igrca\Enemy.cpp(53,27): warning C4244: '=': conversion from 'float' to 'int', possible loss of data
  Game.cpp
C:\Users\Luka\Desktop\Igrca v3 – kopija – kopija – kopija – kopija – kopija – kopija – kopija – kopija\Igrca\GameObject.h(11,7): warning C4244: '=': conversion from 'int' to 'float', possible loss of data
  (compiling source file 'Game.cpp')
  
C:\Users\Luka\Desktop\Igrca v3 – kopija – kopija – kopija – kopija – kopija – kopija – kopija – kopija\Igrca\GameObject.h(12,7): warning C4244: '=': conversion from 'int' to 'float', possible loss of data
  (compiling source file 'Game.cpp')
  
C:\Users\Luka\Desktop\Igrca v3 – kopija – kopija – kopija – kopija – kopija – kopija – kopija – kopija\Igrca\Game.cpp(96,16): warning C4305: 'argument': truncation from 'double' to 'float'
C:\Users\Luka\Desktop\Igrca v3 – kopija – kopija – kopija – kopija – kopija – kopija – kopija – kopija\Igrca\Game.cpp(97,17): warning C4244: 'argument': conversion from 'int' to 'float', possible loss of data
  Keyboard.cpp
  main.cpp
C:\Users\Luka\Desktop\Igrca v3 – kopija – kopija – kopija – kopija – kopija – kopija – kopija – kopija\Igrca\main.cpp(8,12): warning C4244: 'argument': conversion from 'time_t' to 'unsigned int', possible loss of data
  Player.cpp
C:\Users\Luka\Desktop\Igrca v3 – kopija – kopija – kopija – kopija – kopija – kopija – kopija – kopija\Igrca\GameObject.h(11,7): warning C4244: '=': conversion from 'int' to 'float', possible loss of data
  (compiling source file 'Player.cpp')
  
C:\Users\Luka\Desktop\Igrca v3 – kopija – kopija – kopija – kopija – kopija – kopija – kopija – kopija\Igrca\GameObject.h(12,7): warning C4244: '=': conversion from 'int' to 'float', possible loss of data
  (compiling source file 'Player.cpp')
  
C:\Users\Luka\Desktop\Igrca v3 – kopija – kopija – kopija – kopija – kopija – kopija – kopija – kopija\Igrca\Player.cpp(23,45): warning C4244: 'argument': conversion from 'float' to 'int', possible loss of data
C:\Users\Luka\Desktop\Igrca v3 – kopija – kopija – kopija – kopija – kopija – kopija – kopija – kopija\Igrca\Player.cpp(41,51): warning C4244: 'argument': conversion from 'float' to 'int', possible loss of data
C:\Users\Luka\Desktop\Igrca v3 – kopija – kopija – kopija – kopija – kopija – kopija – kopija – kopija\Igrca\Player.cpp(55,51): warning C4244: 'argument': conversion from 'float' to 'int', possible loss of data
C:\Users\Luka\Desktop\Igrca v3 – kopija – kopija – kopija – kopija – kopija – kopija – kopija – kopija\Igrca\Player.cpp(70,51): warning C4244: 'argument': conversion from 'float' to 'int', possible loss of data
C:\Users\Luka\Desktop\Igrca v3 – kopija – kopija – kopija – kopija – kopija – kopija – kopija – kopija\Igrca\Player.cpp(84,51): warning C4244: 'argument': conversion from 'float' to 'int', possible loss of data
C:\Users\Luka\Desktop\Igrca v3 – kopija – kopija – kopija – kopija – kopija – kopija – kopija – kopija\Igrca\Player.cpp(94,51): warning C4244: 'argument': conversion from 'float' to 'int', possible loss of data
C:\Users\Luka\Desktop\Igrca v3 – kopija – kopija – kopija – kopija – kopija – kopija – kopija – kopija\Igrca\Player.cpp(102,51): warning C4244: 'argument': conversion from 'float' to 'int', possible loss of data
C:\Users\Luka\Desktop\Igrca v3 – kopija – kopija – kopija – kopija – kopija – kopija – kopija – kopija\Igrca\Player.cpp(110,51): warning C4244: 'argument': conversion from 'float' to 'int', possible loss of data
C:\Users\Luka\Desktop\Igrca v3 – kopija – kopija – kopija – kopija – kopija – kopija – kopija – kopija\Igrca\Player.cpp(118,51): warning C4244: 'argument': conversion from 'float' to 'int', possible loss of data
C:\Users\Luka\Desktop\Igrca v3 – kopija – kopija – kopija – kopija – kopija – kopija – kopija – kopija\Igrca\Player.cpp(126,22): warning C4305: 'argument': truncation from 'double' to 'float'
  Text.cpp
C:\Users\Luka\Desktop\Igrca v3 – kopija – kopija – kopija – kopija – kopija – kopija – kopija – kopija\Igrca\GameObject.h(11,7): warning C4244: '=': conversion from 'int' to 'float', possible loss of data
  (compiling source file 'Text.cpp')
  
C:\Users\Luka\Desktop\Igrca v3 – kopija – kopija – kopija – kopija – kopija – kopija – kopija – kopija\Igrca\GameObject.h(12,7): warning C4244: '=': conversion from 'int' to 'float', possible loss of data
  (compiling source file 'Text.cpp')
  
  TextureManager.cpp
C:\Users\Luka\Desktop\Igrca v3 – kopija – kopija – kopija – kopija – kopija – kopija – kopija – kopija\Igrca\GameObject.h(11,7): warning C4244: '=': conversion from 'int' to 'float', possible loss of data
  (compiling source file 'TextureManager.cpp')
  
C:\Users\Luka\Desktop\Igrca v3 – kopija – kopija – kopija – kopija – kopija – kopija – kopija – kopija\Igrca\GameObject.h(12,7): warning C4244: '=': conversion from 'int' to 'float', possible loss of data
  (compiling source file 'TextureManager.cpp')
  
C:\Users\Luka\Desktop\Igrca v3 – kopija – kopija – kopija – kopija – kopija – kopija – kopija – kopija\Igrca\TextureManager.cpp(27,26): warning C4838: conversion from 'float' to 'int' requires a narrowing conversion
C:\Users\Luka\Desktop\Igrca v3 – kopija – kopija – kopija – kopija – kopija – kopija – kopija – kopija\Igrca\TextureManager.cpp(27,26): warning C4244: 'initializing': conversion from 'float' to 'int', possible loss of data
C:\Users\Luka\Desktop\Igrca v3 – kopija – kopija – kopija – kopija – kopija – kopija – kopija – kopija\Igrca\TextureManager.cpp(27,37): warning C4838: conversion from 'float' to 'int' requires a narrowing conversion
C:\Users\Luka\Desktop\Igrca v3 – kopija – kopija – kopija – kopija – kopija – kopija – kopija – kopija\Igrca\TextureManager.cpp(27,37): warning C4244: 'initializing': conversion from 'float' to 'int', possible loss of data
C:\Users\Luka\Desktop\Igrca v3 – kopija – kopija – kopija – kopija – kopija – kopija – kopija – kopija\Igrca\TextureManager.cpp(36,26): warning C4838: conversion from 'float' to 'int' requires a narrowing conversion
C:\Users\Luka\Desktop\Igrca v3 – kopija – kopija – kopija – kopija – kopija – kopija – kopija – kopija\Igrca\TextureManager.cpp(36,26): warning C4244: 'initializing': conversion from 'float' to 'int', possible loss of data
C:\Users\Luka\Desktop\Igrca v3 – kopija – kopija – kopija – kopija – kopija – kopija – kopija – kopija\Igrca\TextureManager.cpp(36,37): warning C4838: conversion from 'float' to 'int' requires a narrowing conversion
C:\Users\Luka\Desktop\Igrca v3 – kopija – kopija – kopija – kopija – kopija – kopija – kopija – kopija\Igrca\TextureManager.cpp(36,37): warning C4244: 'initializing': conversion from 'float' to 'int', possible loss of data
C:\Users\Luka\Desktop\Igrca v3 – kopija – kopija – kopija – kopija – kopija – kopija – kopija – kopija\Igrca\TextureManager.cpp(45,26): warning C4838: conversion from 'float' to 'int' requires a narrowing conversion
C:\Users\Luka\Desktop\Igrca v3 – kopija – kopija – kopija – kopija – kopija – kopija – kopija – kopija\Igrca\TextureManager.cpp(45,26): warning C4244: 'initializing': conversion from 'float' to 'int', possible loss of data
C:\Users\Luka\Desktop\Igrca v3 – kopija – kopija – kopija – kopija – kopija – kopija – kopija – kopija\Igrca\TextureManager.cpp(45,37): warning C4838: conversion from 'float' to 'int' requires a narrowing conversion
C:\Users\Luka\Desktop\Igrca v3 – kopija – kopija – kopija – kopija – kopija – kopija – kopija – kopija\Igrca\TextureManager.cpp(45,37): warning C4244: 'initializing': conversion from 'float' to 'int', possible loss of data
C:\Users\Luka\Desktop\Igrca v3 – kopija – kopija – kopija – kopija – kopija – kopija – kopija – kopija\Igrca\TextureManager.cpp(45,52): warning C4838: conversion from 'float' to 'int' requires a narrowing conversion
C:\Users\Luka\Desktop\Igrca v3 – kopija – kopija – kopija – kopija – kopija – kopija – kopija – kopija\Igrca\TextureManager.cpp(45,52): warning C4244: 'initializing': conversion from 'float' to 'int', possible loss of data
C:\Users\Luka\Desktop\Igrca v3 – kopija – kopija – kopija – kopija – kopija – kopija – kopija – kopija\Igrca\TextureManager.cpp(45,68): warning C4838: conversion from 'float' to 'int' requires a narrowing conversion
C:\Users\Luka\Desktop\Igrca v3 – kopija – kopija – kopija – kopija – kopija – kopija – kopija – kopija\Igrca\TextureManager.cpp(45,68): warning C4244: 'initializing': conversion from 'float' to 'int', possible loss of data
  TileMap.cpp
C:\Users\Luka\Desktop\Igrca v3 – kopija – kopija – kopija – kopija – kopija – kopija – kopija – kopija\Igrca\GameObject.h(11,7): warning C4244: '=': conversion from 'int' to 'float', possible loss of data
  (compiling source file 'TileMap.cpp')
  
C:\Users\Luka\Desktop\Igrca v3 – kopija – kopija – kopija – kopija – kopija – kopija – kopija – kopija\Igrca\GameObject.h(12,7): warning C4244: '=': conversion from 'int' to 'float', possible loss of data
  (compiling source file 'TileMap.cpp')
  
  Timer.cpp
  Generating code
  Previous IPDB not found, fall back to full compilation.
  All 362 functions were compiled because no usable IPDB/IOBJ from previous compilation was found.
  Finished generating code
  Igrca.vcxproj -> C:\Users\Luka\Desktop\Igrca v3 – kopija – kopija – kopija – kopija – kopija – kopija – kopija – kopija\x64\Release\Igrca.exe
